Arguments: 
  C:\Program Files\nodejs\node.exe C:\Program Files\nodejs\node_modules\yarn\bin\yarn.js

PATH: 
  C:\Program Files\WindowsApps\Microsoft.PowerShell_7.2.2.0_x64__8wekyb3d8bbwe;C:\ProgramData\Oracle\Java\javapath;C:\Windows\system32;C:\Windows;C:\Windows\System32\Wbem;C:\Windows\System32\WindowsPowerShell\v1.0\;C:\Program Files\Intel\WiFi\bin\;C:\Program Files\Common Files\Intel\WirelessCommon\;C:\Program Files (x86)\NVIDIA Corporation\PhysX\Common;C:\WINDOWS\system32;C:\WINDOWS;C:\WINDOWS\System32\Wbem;C:\WINDOWS\System32\WindowsPowerShell\v1.0\;C:\WINDOWS\System32\OpenSSH\;C:\Program Files\Microsoft VS Code\bin;C:\Program Files\Git\cmd;C:\Program Files (x86)\dotnet\;C:\Program Files\Java\jdk-14.0.2\bin;C:\Program Files (x86)\Intel\Intel(R) Management Engine Components\DAL;C:\Program Files\Intel\Intel(R) Management Engine Components\DAL;C:\Program Files\dotnet\;C:\Users\ajaya\AppData\Roaming\nvm;C:\Program Files\nodejs;C:\Users\ajaya\AppData\Local\Microsoft\WindowsApps;C:\Program Files\heroku\bin;C:\Users\ajaya\AppData\Local\GitHubDesktop\bin;C:\Users\ajaya\AppData\Roaming\npm;C:\Users\ajaya\AppData\Roaming\nvm;C:\Program Files\nodejs

Yarn version: 
  1.22.18

Node version: 
  16.14.2

Platform: 
  win32 x64

Trace: 
  Error: getaddrinfo ENOTFOUND registry.yarnpkg.com
      at GetAddrInfoReqWrap.onlookup [as oncomplete] (node:dns:71:26)

npm manifest: 
  {
    "name": "@pick-bazar/api",
    "version": "5.0.2",
    "scripts": {
      "shop-dev": "ts-node-dev --respawn server.shop.ts",
      "admin": "ts-node-dev --respawn server.admin.ts",
      "build": "rimraf dist && mkdir dist && tsc -b && copyfiles -u 1 src/ dist/",
      "serve": "cross-env NODE_ENV=production node dist/server.admin.js",
      "shop-start": "cross-env NODE_ENV=production node dist/server.shop.js"
    },
    "dependencies": {
      "apollo-server-express": "^2.23.0",
      "class-transformer": "^0.4.0",
      "class-validator": "^0.13.1",
      "cross-env": "^7.0.3",
      "express": "^4.17.1",
      "fuse.js": "6.4.6",
      "graphql": "^15.5.0",
      "graphql-tools": "^7.0.4",
      "lodash": "^4.17.21",
      "reflect-metadata": "^0.1.13",
      "type-graphql": "^1.1.1",
      "typedi": "^0.10.0"
    },
    "devDependencies": {
      "@types/express": "^4.17.11",
      "@types/lodash": "^4.14.168",
      "@types/node": "^14.14.39",
      "copyfiles": "^2.4.1",
      "ts-node": "^9.1.1",
      "ts-node-dev": "^1.1.6",
      "typescript": "^4.2.4"
    },
    "license": "ISC"
  }

yarn manifest: 
  No manifest

Lockfile: 
  No lockfile
